scale_cols = ['MonthlyCharges_qt_outl', 'TotalCharges_qt_outl']
            self.ms = StandardScaler()
            self.ms.fit(self.training_data_res[scale_cols])

            scaled_train = pd.DataFrame(
                self.ms.transform(self.training_data_res[scale_cols]),
                columns=scale_cols, index=self.training_data_res.index)
            scaled_test = pd.DataFrame(
                self.ms.transform(self.testing_data[scale_cols]),
                columns=scale_cols, index=self.testing_data.index)

            other_train = self.training_data_res.drop(scale_cols, axis=1, errors='ignore')
            other_test = self.testing_data.drop(scale_cols, axis=1, errors='ignore')

            self.training_data_t = pd.concat([other_train, scaled_train], axis=1)
            self.testing_data_t = pd.concat([other_test, scaled_test], axis=1)
            self.training_data_t['YearStayed'] = backup_year_train
            self.testing_data_t['YearStayed'] = backup_year_test2025-11-06 11:38:10,819 - INFO - Giving Data to Each Function
2025-11-06 11:38:10,819 - INFO - ----knn--------
2025-11-06 11:38:10,838 - INFO - Test Accuracy KNN : 0.6728176011355571
2025-11-06 11:38:10,855 - INFO - confusion matrix : [[652 384]
 [ 77 296]]
2025-11-06 11:38:10,864 - INFO - classification_report :               precision    recall  f1-score   support

           0       0.89      0.63      0.74      1036
           1       0.44      0.79      0.56       373

    accuracy                           0.67      1409
   macro avg       0.66      0.71      0.65      1409
weighted avg       0.77      0.67      0.69      1409

2025-11-06 11:38:10,880 - INFO - ----NB--------
2025-11-06 11:38:10,880 - INFO - Test Accuracy NB : 0.6302342086586231
2025-11-06 11:38:10,880 - INFO - confusion matrix : [[546 490]
 [ 31 342]]
2025-11-06 11:38:10,880 - INFO - classification_report :               precision    recall  f1-score   support

           0       0.95      0.53      0.68      1036
           1       0.41      0.92      0.57       373

    accuracy                           0.63      1409
   macro avg       0.68      0.72      0.62      1409
weighted avg       0.80      0.63      0.65      1409

2025-11-06 11:38:10,880 - INFO - ----LR--------
2025-11-06 11:38:10,912 - INFO - Test Accuracy LR : 0.7097232079489
2025-11-06 11:38:10,912 - INFO - confusion matrix : [[668 368]
 [ 41 332]]
2025-11-06 11:38:10,918 - INFO - classification_report :               precision    recall  f1-score   support

           0       0.94      0.64      0.77      1036
           1       0.47      0.89      0.62       373

    accuracy                           0.71      1409
   macro avg       0.71      0.77      0.69      1409
weighted avg       0.82      0.71      0.73      1409

2025-11-06 11:38:10,918 - INFO - ----dt--------
2025-11-06 11:38:10,964 - INFO - Test Accuracy DT : 0.2668559261887864
2025-11-06 11:38:10,964 - INFO - confusion matrix : [[  21 1015]
 [  18  355]]
2025-11-06 11:38:10,964 - INFO - classification_report :               precision    recall  f1-score   support

           0       0.54      0.02      0.04      1036
           1       0.26      0.95      0.41       373

    accuracy                           0.27      1409
   macro avg       0.40      0.49      0.22      1409
weighted avg       0.46      0.27      0.14      1409

2025-11-06 11:38:10,964 - INFO - ----rf--------
2025-11-06 11:38:11,007 - INFO - Test Accuracy RF : 0.2604684173172463
2025-11-06 11:38:11,007 - INFO - confusion matrix : [[   2 1034]
 [   8  365]]
2025-11-06 11:38:11,023 - INFO - classification_report :               precision    recall  f1-score   support

           0       0.20      0.00      0.00      1036
           1       0.26      0.98      0.41       373

    accuracy                           0.26      1409
   macro avg       0.23      0.49      0.21      1409
weighted avg       0.22      0.26      0.11      1409

2025-11-06 11:38:11,023 - INFO - ----xgboost--------
2025-11-06 11:38:12,980 - INFO - Test Accuracy RF : 0.26472675656493966
2025-11-06 11:38:12,983 - INFO - confusion matrix : [[   0 1036]
 [   0  373]]
2025-11-06 11:38:12,989 - INFO - classification_report :               precision    recall  f1-score   support

           0       0.00      0.00      0.00      1036
           1       0.26      1.00      0.42       373

    accuracy                           0.26      1409
   macro avg       0.13      0.50      0.21      1409
weighted avg       0.07      0.26      0.11      1409

2025-11-06 11:38:12,989 - INFO - ----svm--------
2025-11-06 11:38:15,861 - INFO - Test Accuracy RF : 0.7125621007806955
2025-11-06 11:38:16,648 - INFO - confusion matrix : [[708 328]
 [ 77 296]]
2025-11-06 11:38:17,426 - INFO - classification_report :               precision    recall  f1-score   support

           0       0.90      0.68      0.78      1036
           1       0.47      0.79      0.59       373

    accuracy                           0.71      1409
   macro avg       0.69      0.74      0.69      1409
weighted avg       0.79      0.71      0.73      1409

2025-11-06 11:38:18,193 - INFO - --------AUC--ROC----------
2025-11-06 11:48:56,640 - INFO - Giving Data to Each Function
2025-11-06 11:48:56,640 - INFO - ----knn--------
2025-11-06 11:48:56,660 - INFO - Test Accuracy KNN : 0.6706884315117104
2025-11-06 11:48:56,678 - INFO - confusion matrix : [[656 380]
 [ 84 289]]
2025-11-06 11:48:56,695 - INFO - classification_report :               precision    recall  f1-score   support

           0       0.89      0.63      0.74      1036
           1       0.43      0.77      0.55       373

    accuracy                           0.67      1409
   macro avg       0.66      0.70      0.65      1409
weighted avg       0.77      0.67      0.69      1409

2025-11-06 11:48:56,710 - INFO - ----NB--------
2025-11-06 11:48:56,725 - INFO - Test Accuracy NB : 0.6820440028388929
2025-11-06 11:48:56,726 - INFO - confusion matrix : [[632 404]
 [ 44 329]]
2025-11-06 11:48:56,732 - INFO - classification_report :               precision    recall  f1-score   support

           0       0.93      0.61      0.74      1036
           1       0.45      0.88      0.59       373

    accuracy                           0.68      1409
   macro avg       0.69      0.75      0.67      1409
weighted avg       0.81      0.68      0.70      1409

2025-11-06 11:48:56,732 - INFO - ----LR--------
2025-11-06 11:48:56,785 - INFO - Test Accuracy LR : 0.7579843860894251
2025-11-06 11:48:56,785 - INFO - confusion matrix : [[764 272]
 [ 69 304]]
2025-11-06 11:48:56,789 - INFO - classification_report :               precision    recall  f1-score   support

           0       0.92      0.74      0.82      1036
           1       0.53      0.82      0.64       373

    accuracy                           0.76      1409
   macro avg       0.72      0.78      0.73      1409
weighted avg       0.81      0.76      0.77      1409

2025-11-06 11:48:56,789 - INFO - ----dt--------
2025-11-06 11:48:56,837 - INFO - Test Accuracy DT : 0.7338537970191625
2025-11-06 11:48:56,837 - INFO - confusion matrix : [[829 207]
 [168 205]]
2025-11-06 11:48:56,852 - INFO - classification_report :               precision    recall  f1-score   support

           0       0.83      0.80      0.82      1036
           1       0.50      0.55      0.52       373

    accuracy                           0.73      1409
   macro avg       0.66      0.67      0.67      1409
weighted avg       0.74      0.73      0.74      1409

2025-11-06 11:48:56,852 - INFO - ----rf--------
2025-11-06 11:48:56,884 - INFO - Test Accuracy RF : 0.7672107877927609
2025-11-06 11:48:56,900 - INFO - confusion matrix : [[874 162]
 [166 207]]
2025-11-06 11:48:56,900 - INFO - classification_report :               precision    recall  f1-score   support

           0       0.84      0.84      0.84      1036
           1       0.56      0.55      0.56       373

    accuracy                           0.77      1409
   macro avg       0.70      0.70      0.70      1409
weighted avg       0.77      0.77      0.77      1409

2025-11-06 11:48:56,900 - INFO - ----xgboost--------
2025-11-06 11:48:59,016 - INFO - Test Accuracy RF : 0.7835344215755855
2025-11-06 11:48:59,021 - INFO - confusion matrix : [[826 210]
 [ 95 278]]
2025-11-06 11:48:59,033 - INFO - classification_report :               precision    recall  f1-score   support

           0       0.90      0.80      0.84      1036
           1       0.57      0.75      0.65       373

    accuracy                           0.78      1409
   macro avg       0.73      0.77      0.74      1409
weighted avg       0.81      0.78      0.79      1409

2025-11-06 11:48:59,037 - INFO - ----svm--------
2025-11-06 11:49:04,386 - INFO - Test Accuracy RF : 0.6089425124201562
2025-11-06 11:49:05,934 - INFO - confusion matrix : [[545 491]
 [ 60 313]]
2025-11-06 11:49:07,488 - INFO - classification_report :               precision    recall  f1-score   support

           0       0.90      0.53      0.66      1036
           1       0.39      0.84      0.53       373

    accuracy                           0.61      1409
   macro avg       0.65      0.68      0.60      1409
weighted avg       0.77      0.61      0.63      1409

2025-11-06 11:49:09,035 - INFO - --------AUC--ROC----------
2025-11-06 11:57:15,068 - INFO - Giving Data to Each Function
2025-11-06 11:57:15,070 - INFO - ----knn--------
2025-11-06 11:57:15,088 - INFO - Test Accuracy KNN : 0.6706884315117104
2025-11-06 11:57:15,106 - INFO - confusion matrix : [[656 380]
 [ 84 289]]
2025-11-06 11:57:15,127 - INFO - classification_report :               precision    recall  f1-score   support

           0       0.89      0.63      0.74      1036
           1       0.43      0.77      0.55       373

    accuracy                           0.67      1409
   macro avg       0.66      0.70      0.65      1409
weighted avg       0.77      0.67      0.69      1409

2025-11-06 11:57:15,139 - INFO - ----NB--------
2025-11-06 11:57:15,147 - INFO - Test Accuracy NB : 0.6820440028388929
2025-11-06 11:57:15,149 - INFO - confusion matrix : [[632 404]
 [ 44 329]]
2025-11-06 11:57:15,155 - INFO - classification_report :               precision    recall  f1-score   support

           0       0.93      0.61      0.74      1036
           1       0.45      0.88      0.59       373

    accuracy                           0.68      1409
   macro avg       0.69      0.75      0.67      1409
weighted avg       0.81      0.68      0.70      1409

2025-11-06 11:57:15,155 - INFO - ----LR--------
2025-11-06 11:57:15,202 - INFO - Test Accuracy LR : 0.7579843860894251
2025-11-06 11:57:15,209 - INFO - confusion matrix : [[764 272]
 [ 69 304]]
2025-11-06 11:57:15,213 - INFO - classification_report :               precision    recall  f1-score   support

           0       0.92      0.74      0.82      1036
           1       0.53      0.82      0.64       373

    accuracy                           0.76      1409
   macro avg       0.72      0.78      0.73      1409
weighted avg       0.81      0.76      0.77      1409

2025-11-06 11:57:15,215 - INFO - ----dt--------
2025-11-06 11:57:15,268 - INFO - Test Accuracy DT : 0.7395315826827538
2025-11-06 11:57:15,270 - INFO - confusion matrix : [[842 194]
 [173 200]]
2025-11-06 11:57:15,276 - INFO - classification_report :               precision    recall  f1-score   support

           0       0.83      0.81      0.82      1036
           1       0.51      0.54      0.52       373

    accuracy                           0.74      1409
   macro avg       0.67      0.67      0.67      1409
weighted avg       0.74      0.74      0.74      1409

2025-11-06 11:57:15,276 - INFO - ----rf--------
2025-11-06 11:57:15,329 - INFO - Test Accuracy RF : 0.752306600425834
2025-11-06 11:57:15,329 - INFO - confusion matrix : [[866 170]
 [179 194]]
2025-11-06 11:57:15,329 - INFO - classification_report :               precision    recall  f1-score   support

           0       0.83      0.84      0.83      1036
           1       0.53      0.52      0.53       373

    accuracy                           0.75      1409
   macro avg       0.68      0.68      0.68      1409
weighted avg       0.75      0.75      0.75      1409

2025-11-06 11:57:15,343 - INFO - ----xgboost--------
2025-11-06 11:57:17,389 - INFO - Test Accuracy RF : 0.7835344215755855
2025-11-06 11:57:17,398 - INFO - confusion matrix : [[826 210]
 [ 95 278]]
2025-11-06 11:57:17,409 - INFO - classification_report :               precision    recall  f1-score   support

           0       0.90      0.80      0.84      1036
           1       0.57      0.75      0.65       373

    accuracy                           0.78      1409
   macro avg       0.73      0.77      0.74      1409
weighted avg       0.81      0.78      0.79      1409

2025-11-06 11:57:17,412 - INFO - ----svm--------
2025-11-06 11:57:22,839 - INFO - Test Accuracy RF : 0.6089425124201562
2025-11-06 11:57:24,421 - INFO - confusion matrix : [[545 491]
 [ 60 313]]
2025-11-06 11:57:26,058 - INFO - classification_report :               precision    recall  f1-score   support

           0       0.90      0.53      0.66      1036
           1       0.39      0.84      0.53       373

    accuracy                           0.61      1409
   macro avg       0.65      0.68      0.60      1409
weighted avg       0.77      0.61      0.63      1409

2025-11-06 11:57:27,639 - INFO - --------AUC--ROC----------
2025-11-06 12:01:19,141 - INFO - Giving Data to Each Function
2025-11-06 12:01:19,141 - INFO - ----knn--------
2025-11-06 12:01:19,169 - INFO - Test Accuracy KNN : 0.6706884315117104
2025-11-06 12:01:19,185 - INFO - confusion matrix : [[656 380]
 [ 84 289]]
2025-11-06 12:01:19,208 - INFO - classification_report :               precision    recall  f1-score   support

           0       0.89      0.63      0.74      1036
           1       0.43      0.77      0.55       373

    accuracy                           0.67      1409
   macro avg       0.66      0.70      0.65      1409
weighted avg       0.77      0.67      0.69      1409

2025-11-06 12:01:19,218 - INFO - ----NB--------
2025-11-06 12:01:19,218 - INFO - Test Accuracy NB : 0.6820440028388929
2025-11-06 12:01:19,218 - INFO - confusion matrix : [[632 404]
 [ 44 329]]
2025-11-06 12:01:19,218 - INFO - classification_report :               precision    recall  f1-score   support

           0       0.93      0.61      0.74      1036
           1       0.45      0.88      0.59       373

    accuracy                           0.68      1409
   macro avg       0.69      0.75      0.67      1409
weighted avg       0.81      0.68      0.70      1409

2025-11-06 12:01:19,218 - INFO - ----LR--------
2025-11-06 12:01:19,281 - INFO - Test Accuracy LR : 0.7579843860894251
2025-11-06 12:01:19,285 - INFO - confusion matrix : [[764 272]
 [ 69 304]]
2025-11-06 12:01:19,289 - INFO - classification_report :               precision    recall  f1-score   support

           0       0.92      0.74      0.82      1036
           1       0.53      0.82      0.64       373

    accuracy                           0.76      1409
   macro avg       0.72      0.78      0.73      1409
weighted avg       0.81      0.76      0.77      1409

2025-11-06 12:01:19,291 - INFO - ----dt--------
2025-11-06 12:01:19,343 - INFO - Test Accuracy DT : 0.7317246273953159
2025-11-06 12:01:19,343 - INFO - confusion matrix : [[825 211]
 [167 206]]
2025-11-06 12:01:19,343 - INFO - classification_report :               precision    recall  f1-score   support

           0       0.83      0.80      0.81      1036
           1       0.49      0.55      0.52       373

    accuracy                           0.73      1409
   macro avg       0.66      0.67      0.67      1409
weighted avg       0.74      0.73      0.74      1409

2025-11-06 12:01:19,343 - INFO - ----rf--------
2025-11-06 12:01:19,391 - INFO - Test Accuracy RF : 0.7437899219304471
2025-11-06 12:01:19,391 - INFO - confusion matrix : [[857 179]
 [182 191]]
2025-11-06 12:01:19,400 - INFO - classification_report :               precision    recall  f1-score   support

           0       0.82      0.83      0.83      1036
           1       0.52      0.51      0.51       373

    accuracy                           0.74      1409
   macro avg       0.67      0.67      0.67      1409
weighted avg       0.74      0.74      0.74      1409

2025-11-06 12:01:19,400 - INFO - ----xgboost--------
2025-11-06 12:01:21,503 - INFO - Test Accuracy RF : 0.7835344215755855
2025-11-06 12:01:21,507 - INFO - confusion matrix : [[826 210]
 [ 95 278]]
2025-11-06 12:01:21,519 - INFO - classification_report :               precision    recall  f1-score   support

           0       0.90      0.80      0.84      1036
           1       0.57      0.75      0.65       373

    accuracy                           0.78      1409
   macro avg       0.73      0.77      0.74      1409
weighted avg       0.81      0.78      0.79      1409

2025-11-06 12:01:21,522 - INFO - ----svm--------
2025-11-06 12:01:26,977 - INFO - Test Accuracy RF : 0.6089425124201562
2025-11-06 12:01:28,572 - INFO - confusion matrix : [[545 491]
 [ 60 313]]
2025-11-06 12:01:30,170 - INFO - classification_report :               precision    recall  f1-score   support

           0       0.90      0.53      0.66      1036
           1       0.39      0.84      0.53       373

    accuracy                           0.61      1409
   macro avg       0.65      0.68      0.60      1409
weighted avg       0.77      0.61      0.63      1409

2025-11-06 12:01:31,749 - INFO - --------AUC--ROC----------
2025-11-06 17:00:49,655 - INFO - Giving Data to Each Function
2025-11-06 17:00:49,655 - INFO - ----knn--------
2025-11-06 17:00:49,665 - INFO - Test Accuracy KNN : 0.6706884315117104
2025-11-06 17:00:49,694 - INFO - confusion matrix : [[656 380]
 [ 84 289]]
2025-11-06 17:00:49,715 - INFO - classification_report :               precision    recall  f1-score   support

           0       0.89      0.63      0.74      1036
           1       0.43      0.77      0.55       373

    accuracy                           0.67      1409
   macro avg       0.66      0.70      0.65      1409
weighted avg       0.77      0.67      0.69      1409

2025-11-06 17:00:49,731 - INFO - ----NB--------
2025-11-06 17:00:49,737 - INFO - Test Accuracy NB : 0.6820440028388929
2025-11-06 17:00:49,737 - INFO - confusion matrix : [[632 404]
 [ 44 329]]
2025-11-06 17:00:49,745 - INFO - classification_report :               precision    recall  f1-score   support

           0       0.93      0.61      0.74      1036
           1       0.45      0.88      0.59       373

    accuracy                           0.68      1409
   macro avg       0.69      0.75      0.67      1409
weighted avg       0.81      0.68      0.70      1409

2025-11-06 17:00:49,747 - INFO - ----LR--------
2025-11-06 17:00:49,808 - INFO - Test Accuracy LR : 0.7579843860894251
2025-11-06 17:00:49,810 - INFO - confusion matrix : [[764 272]
 [ 69 304]]
2025-11-06 17:00:49,810 - INFO - classification_report :               precision    recall  f1-score   support

           0       0.92      0.74      0.82      1036
           1       0.53      0.82      0.64       373

    accuracy                           0.76      1409
   macro avg       0.72      0.78      0.73      1409
weighted avg       0.81      0.76      0.77      1409

2025-11-06 17:00:49,810 - INFO - ----dt--------
2025-11-06 17:00:49,867 - INFO - Test Accuracy DT : 0.7338537970191625
2025-11-06 17:00:49,883 - INFO - confusion matrix : [[834 202]
 [173 200]]
2025-11-06 17:00:49,883 - INFO - classification_report :               precision    recall  f1-score   support

           0       0.83      0.81      0.82      1036
           1       0.50      0.54      0.52       373

    accuracy                           0.73      1409
   macro avg       0.66      0.67      0.67      1409
weighted avg       0.74      0.73      0.74      1409

2025-11-06 17:00:49,883 - INFO - ----rf--------
2025-11-06 17:00:49,931 - INFO - Test Accuracy RF : 0.7771469127040455
2025-11-06 17:00:49,948 - INFO - confusion matrix : [[884 152]
 [162 211]]
2025-11-06 17:00:49,963 - INFO - classification_report :               precision    recall  f1-score   support

           0       0.85      0.85      0.85      1036
           1       0.58      0.57      0.57       373

    accuracy                           0.78      1409
   macro avg       0.71      0.71      0.71      1409
weighted avg       0.78      0.78      0.78      1409

2025-11-06 17:00:49,965 - INFO - ----xgboost--------
2025-11-06 17:00:52,140 - INFO - Test Accuracy RF : 0.7835344215755855
2025-11-06 17:00:52,146 - INFO - confusion matrix : [[826 210]
 [ 95 278]]
2025-11-06 17:00:52,158 - INFO - classification_report :               precision    recall  f1-score   support

           0       0.90      0.80      0.84      1036
           1       0.57      0.75      0.65       373

    accuracy                           0.78      1409
   macro avg       0.73      0.77      0.74      1409
weighted avg       0.81      0.78      0.79      1409

2025-11-06 17:00:52,162 - INFO - ----svm--------
2025-11-06 17:00:57,804 - INFO - Test Accuracy RF : 0.6089425124201562
2025-11-06 17:00:59,342 - INFO - confusion matrix : [[545 491]
 [ 60 313]]
2025-11-06 17:01:00,882 - INFO - classification_report :               precision    recall  f1-score   support

           0       0.90      0.53      0.66      1036
           1       0.39      0.84      0.53       373

    accuracy                           0.61      1409
   macro avg       0.65      0.68      0.60      1409
weighted avg       0.77      0.61      0.63      1409

2025-11-06 17:01:02,625 - INFO - --------AUC--ROC----------
