2025-11-05 09:04:01,197 - INFO - Training_data cat shape : (5634, 27) -> Index(['MonthlyCharges', 'TotalCharges', 'JoinYear', 'sim', 'Partner_Yes',
       'Dependents_Yes', 'MultipleLines_Yes', 'InternetService_Fiber optic',
       'InternetService_No', 'OnlineSecurity_No internet service',
       'OnlineSecurity_Yes', 'OnlineBackup_No internet service',
       'OnlineBackup_Yes', 'DeviceProtection_No internet service',
       'DeviceProtection_Yes', 'TechSupport_No internet service',
       'TechSupport_Yes', 'StreamingTV_No internet service', 'StreamingTV_Yes',
       'StreamingMovies_No internet service', 'StreamingMovies_Yes',
       'PaperlessBilling_Yes', 'PaymentMethod_Credit card (automatic)',
       'PaymentMethod_Electronic check', 'PaymentMethod_Mailed check',
       'Contract_con', 'SeniorCitizen'],
      dtype='object')
2025-11-05 09:04:01,197 - INFO - Testing_data cat shape : (1409, 27) -> Index(['MonthlyCharges', 'TotalCharges', 'JoinYear', 'sim', 'Partner_Yes',
       'Dependents_Yes', 'MultipleLines_Yes', 'InternetService_Fiber optic',
       'InternetService_No', 'OnlineSecurity_No internet service',
       'OnlineSecurity_Yes', 'OnlineBackup_No internet service',
       'OnlineBackup_Yes', 'DeviceProtection_No internet service',
       'DeviceProtection_Yes', 'TechSupport_No internet service',
       'TechSupport_Yes', 'StreamingTV_No internet service', 'StreamingTV_Yes',
       'StreamingMovies_No internet service', 'StreamingMovies_Yes',
       'PaperlessBilling_Yes', 'PaymentMethod_Credit card (automatic)',
       'PaymentMethod_Electronic check', 'PaymentMethod_Mailed check',
       'Contract_con', 'SeniorCitizen'],
      dtype='object')
2025-11-05 09:16:03,137 - INFO - Training_data cat shape : (5634, 27) -> Index(['MonthlyCharges', 'TotalCharges', 'JoinYear', 'sim', 'Partner_Yes',
       'Dependents_Yes', 'MultipleLines_Yes', 'InternetService_Fiber optic',
       'InternetService_No', 'OnlineSecurity_No internet service',
       'OnlineSecurity_Yes', 'OnlineBackup_No internet service',
       'OnlineBackup_Yes', 'DeviceProtection_No internet service',
       'DeviceProtection_Yes', 'TechSupport_No internet service',
       'TechSupport_Yes', 'StreamingTV_No internet service', 'StreamingTV_Yes',
       'StreamingMovies_No internet service', 'StreamingMovies_Yes',
       'PaperlessBilling_Yes', 'PaymentMethod_Credit card (automatic)',
       'PaymentMethod_Electronic check', 'PaymentMethod_Mailed check',
       'Contract_con', 'SeniorCitizen'],
      dtype='object')
2025-11-05 09:16:03,137 - INFO - Testing_data cat shape : (1409, 27) -> Index(['MonthlyCharges', 'TotalCharges', 'JoinYear', 'sim', 'Partner_Yes',
       'Dependents_Yes', 'MultipleLines_Yes', 'InternetService_Fiber optic',
       'InternetService_No', 'OnlineSecurity_No internet service',
       'OnlineSecurity_Yes', 'OnlineBackup_No internet service',
       'OnlineBackup_Yes', 'DeviceProtection_No internet service',
       'DeviceProtection_Yes', 'TechSupport_No internet service',
       'TechSupport_Yes', 'StreamingTV_No internet service', 'StreamingTV_Yes',
       'StreamingMovies_No internet service', 'StreamingMovies_Yes',
       'PaperlessBilling_Yes', 'PaymentMethod_Credit card (automatic)',
       'PaymentMethod_Electronic check', 'PaymentMethod_Mailed check',
       'Contract_con', 'SeniorCitizen'],
      dtype='object')
2025-11-05 09:17:39,268 - INFO - Training_data cat shape : (5634, 27) -> Index(['MonthlyCharges', 'TotalCharges', 'JoinYear', 'sim', 'Partner_Yes',
       'Dependents_Yes', 'MultipleLines_Yes', 'InternetService_Fiber optic',
       'InternetService_No', 'OnlineSecurity_No internet service',
       'OnlineSecurity_Yes', 'OnlineBackup_No internet service',
       'OnlineBackup_Yes', 'DeviceProtection_No internet service',
       'DeviceProtection_Yes', 'TechSupport_No internet service',
       'TechSupport_Yes', 'StreamingTV_No internet service', 'StreamingTV_Yes',
       'StreamingMovies_No internet service', 'StreamingMovies_Yes',
       'PaperlessBilling_Yes', 'PaymentMethod_Credit card (automatic)',
       'PaymentMethod_Electronic check', 'PaymentMethod_Mailed check',
       'Contract_con', 'SeniorCitizen'],
      dtype='object')
2025-11-05 09:17:39,268 - INFO - Testing_data cat shape : (1409, 27) -> Index(['MonthlyCharges', 'TotalCharges', 'JoinYear', 'sim', 'Partner_Yes',
       'Dependents_Yes', 'MultipleLines_Yes', 'InternetService_Fiber optic',
       'InternetService_No', 'OnlineSecurity_No internet service',
       'OnlineSecurity_Yes', 'OnlineBackup_No internet service',
       'OnlineBackup_Yes', 'DeviceProtection_No internet service',
       'DeviceProtection_Yes', 'TechSupport_No internet service',
       'TechSupport_Yes', 'StreamingTV_No internet service', 'StreamingTV_Yes',
       'StreamingMovies_No internet service', 'StreamingMovies_Yes',
       'PaperlessBilling_Yes', 'PaymentMethod_Credit card (automatic)',
       'PaymentMethod_Electronic check', 'PaymentMethod_Mailed check',
       'Contract_con', 'SeniorCitizen'],
      dtype='object')
2025-11-05 09:23:34,245 - INFO - Training_data cat shape : (5634, 27) -> Index(['MonthlyCharges', 'TotalCharges', 'JoinYear', 'sim', 'Partner_Yes',
       'Dependents_Yes', 'MultipleLines_Yes', 'InternetService_Fiber optic',
       'InternetService_No', 'OnlineSecurity_No internet service',
       'OnlineSecurity_Yes', 'OnlineBackup_No internet service',
       'OnlineBackup_Yes', 'DeviceProtection_No internet service',
       'DeviceProtection_Yes', 'TechSupport_No internet service',
       'TechSupport_Yes', 'StreamingTV_No internet service', 'StreamingTV_Yes',
       'StreamingMovies_No internet service', 'StreamingMovies_Yes',
       'PaperlessBilling_Yes', 'PaymentMethod_Credit card (automatic)',
       'PaymentMethod_Electronic check', 'PaymentMethod_Mailed check',
       'Contract_con', 'SeniorCitizen'],
      dtype='object')
2025-11-05 09:23:34,245 - INFO - Testing_data cat shape : (1409, 27) -> Index(['MonthlyCharges', 'TotalCharges', 'JoinYear', 'sim', 'Partner_Yes',
       'Dependents_Yes', 'MultipleLines_Yes', 'InternetService_Fiber optic',
       'InternetService_No', 'OnlineSecurity_No internet service',
       'OnlineSecurity_Yes', 'OnlineBackup_No internet service',
       'OnlineBackup_Yes', 'DeviceProtection_No internet service',
       'DeviceProtection_Yes', 'TechSupport_No internet service',
       'TechSupport_Yes', 'StreamingTV_No internet service', 'StreamingTV_Yes',
       'StreamingMovies_No internet service', 'StreamingMovies_Yes',
       'PaperlessBilling_Yes', 'PaymentMethod_Credit card (automatic)',
       'PaymentMethod_Electronic check', 'PaymentMethod_Mailed check',
       'Contract_con', 'SeniorCitizen'],
      dtype='object')
2025-11-05 11:10:07,653 - INFO - Training_data cat shape : (5634, 27) -> Index(['MonthlyCharges', 'TotalCharges', 'JoinYear', 'sim', 'Partner_Yes',
       'Dependents_Yes', 'MultipleLines_Yes', 'InternetService_Fiber optic',
       'InternetService_No', 'OnlineSecurity_No internet service',
       'OnlineSecurity_Yes', 'OnlineBackup_No internet service',
       'OnlineBackup_Yes', 'DeviceProtection_No internet service',
       'DeviceProtection_Yes', 'TechSupport_No internet service',
       'TechSupport_Yes', 'StreamingTV_No internet service', 'StreamingTV_Yes',
       'StreamingMovies_No internet service', 'StreamingMovies_Yes',
       'PaperlessBilling_Yes', 'PaymentMethod_Credit card (automatic)',
       'PaymentMethod_Electronic check', 'PaymentMethod_Mailed check',
       'Contract_con', 'SeniorCitizen'],
      dtype='object')
2025-11-05 11:10:07,653 - INFO - Testing_data cat shape : (1409, 27) -> Index(['MonthlyCharges', 'TotalCharges', 'JoinYear', 'sim', 'Partner_Yes',
       'Dependents_Yes', 'MultipleLines_Yes', 'InternetService_Fiber optic',
       'InternetService_No', 'OnlineSecurity_No internet service',
       'OnlineSecurity_Yes', 'OnlineBackup_No internet service',
       'OnlineBackup_Yes', 'DeviceProtection_No internet service',
       'DeviceProtection_Yes', 'TechSupport_No internet service',
       'TechSupport_Yes', 'StreamingTV_No internet service', 'StreamingTV_Yes',
       'StreamingMovies_No internet service', 'StreamingMovies_Yes',
       'PaperlessBilling_Yes', 'PaymentMethod_Credit card (automatic)',
       'PaymentMethod_Electronic check', 'PaymentMethod_Mailed check',
       'Contract_con', 'SeniorCitizen'],
      dtype='object')
2025-11-05 11:19:17,248 - INFO - Training_data cat shape : (5634, 27) -> Index(['MonthlyCharges', 'TotalCharges', 'JoinYear', 'sim', 'Partner_Yes',
       'Dependents_Yes', 'MultipleLines_Yes', 'InternetService_Fiber optic',
       'InternetService_No', 'OnlineSecurity_No internet service',
       'OnlineSecurity_Yes', 'OnlineBackup_No internet service',
       'OnlineBackup_Yes', 'DeviceProtection_No internet service',
       'DeviceProtection_Yes', 'TechSupport_No internet service',
       'TechSupport_Yes', 'StreamingTV_No internet service', 'StreamingTV_Yes',
       'StreamingMovies_No internet service', 'StreamingMovies_Yes',
       'PaperlessBilling_Yes', 'PaymentMethod_Credit card (automatic)',
       'PaymentMethod_Electronic check', 'PaymentMethod_Mailed check',
       'Contract_con', 'SeniorCitizen'],
      dtype='object')
2025-11-05 11:19:17,248 - INFO - Testing_data cat shape : (1409, 27) -> Index(['MonthlyCharges', 'TotalCharges', 'JoinYear', 'sim', 'Partner_Yes',
       'Dependents_Yes', 'MultipleLines_Yes', 'InternetService_Fiber optic',
       'InternetService_No', 'OnlineSecurity_No internet service',
       'OnlineSecurity_Yes', 'OnlineBackup_No internet service',
       'OnlineBackup_Yes', 'DeviceProtection_No internet service',
       'DeviceProtection_Yes', 'TechSupport_No internet service',
       'TechSupport_Yes', 'StreamingTV_No internet service', 'StreamingTV_Yes',
       'StreamingMovies_No internet service', 'StreamingMovies_Yes',
       'PaperlessBilling_Yes', 'PaymentMethod_Credit card (automatic)',
       'PaymentMethod_Electronic check', 'PaymentMethod_Mailed check',
       'Contract_con', 'SeniorCitizen'],
      dtype='object')
2025-11-05 11:21:54,894 - INFO - Training_data cat shape : (5634, 27) -> Index(['MonthlyCharges', 'TotalCharges', 'JoinYear', 'sim', 'Partner_Yes',
       'Dependents_Yes', 'MultipleLines_Yes', 'InternetService_Fiber optic',
       'InternetService_No', 'OnlineSecurity_No internet service',
       'OnlineSecurity_Yes', 'OnlineBackup_No internet service',
       'OnlineBackup_Yes', 'DeviceProtection_No internet service',
       'DeviceProtection_Yes', 'TechSupport_No internet service',
       'TechSupport_Yes', 'StreamingTV_No internet service', 'StreamingTV_Yes',
       'StreamingMovies_No internet service', 'StreamingMovies_Yes',
       'PaperlessBilling_Yes', 'PaymentMethod_Credit card (automatic)',
       'PaymentMethod_Electronic check', 'PaymentMethod_Mailed check',
       'Contract_con', 'SeniorCitizen'],
      dtype='object')
2025-11-05 11:21:54,894 - INFO - Testing_data cat shape : (1409, 27) -> Index(['MonthlyCharges', 'TotalCharges', 'JoinYear', 'sim', 'Partner_Yes',
       'Dependents_Yes', 'MultipleLines_Yes', 'InternetService_Fiber optic',
       'InternetService_No', 'OnlineSecurity_No internet service',
       'OnlineSecurity_Yes', 'OnlineBackup_No internet service',
       'OnlineBackup_Yes', 'DeviceProtection_No internet service',
       'DeviceProtection_Yes', 'TechSupport_No internet service',
       'TechSupport_Yes', 'StreamingTV_No internet service', 'StreamingTV_Yes',
       'StreamingMovies_No internet service', 'StreamingMovies_Yes',
       'PaperlessBilling_Yes', 'PaymentMethod_Credit card (automatic)',
       'PaymentMethod_Electronic check', 'PaymentMethod_Mailed check',
       'Contract_con', 'SeniorCitizen'],
      dtype='object')
2025-11-05 11:26:00,403 - INFO - Training_data cat shape : (5634, 27) -> Index(['MonthlyCharges', 'TotalCharges', 'JoinYear', 'sim', 'Partner_Yes',
       'Dependents_Yes', 'MultipleLines_Yes', 'InternetService_Fiber optic',
       'InternetService_No', 'OnlineSecurity_No internet service',
       'OnlineSecurity_Yes', 'OnlineBackup_No internet service',
       'OnlineBackup_Yes', 'DeviceProtection_No internet service',
       'DeviceProtection_Yes', 'TechSupport_No internet service',
       'TechSupport_Yes', 'StreamingTV_No internet service', 'StreamingTV_Yes',
       'StreamingMovies_No internet service', 'StreamingMovies_Yes',
       'PaperlessBilling_Yes', 'PaymentMethod_Credit card (automatic)',
       'PaymentMethod_Electronic check', 'PaymentMethod_Mailed check',
       'Contract_con', 'SeniorCitizen'],
      dtype='object')
2025-11-05 11:26:00,403 - INFO - Testing_data cat shape : (1409, 27) -> Index(['MonthlyCharges', 'TotalCharges', 'JoinYear', 'sim', 'Partner_Yes',
       'Dependents_Yes', 'MultipleLines_Yes', 'InternetService_Fiber optic',
       'InternetService_No', 'OnlineSecurity_No internet service',
       'OnlineSecurity_Yes', 'OnlineBackup_No internet service',
       'OnlineBackup_Yes', 'DeviceProtection_No internet service',
       'DeviceProtection_Yes', 'TechSupport_No internet service',
       'TechSupport_Yes', 'StreamingTV_No internet service', 'StreamingTV_Yes',
       'StreamingMovies_No internet service', 'StreamingMovies_Yes',
       'PaperlessBilling_Yes', 'PaymentMethod_Credit card (automatic)',
       'PaymentMethod_Electronic check', 'PaymentMethod_Mailed check',
       'Contract_con', 'SeniorCitizen'],
      dtype='object')
2025-11-05 12:18:05,157 - INFO - Training_data cat shape : (5634, 27) -> Index(['MonthlyCharges', 'TotalCharges', 'JoinYear', 'sim', 'Partner_Yes',
       'Dependents_Yes', 'MultipleLines_Yes', 'InternetService_Fiber optic',
       'InternetService_No', 'OnlineSecurity_No internet service',
       'OnlineSecurity_Yes', 'OnlineBackup_No internet service',
       'OnlineBackup_Yes', 'DeviceProtection_No internet service',
       'DeviceProtection_Yes', 'TechSupport_No internet service',
       'TechSupport_Yes', 'StreamingTV_No internet service', 'StreamingTV_Yes',
       'StreamingMovies_No internet service', 'StreamingMovies_Yes',
       'PaperlessBilling_Yes', 'PaymentMethod_Credit card (automatic)',
       'PaymentMethod_Electronic check', 'PaymentMethod_Mailed check',
       'Contract_con', 'SeniorCitizen'],
      dtype='object')
2025-11-05 12:18:05,160 - INFO - Testing_data cat shape : (1409, 27) -> Index(['MonthlyCharges', 'TotalCharges', 'JoinYear', 'sim', 'Partner_Yes',
       'Dependents_Yes', 'MultipleLines_Yes', 'InternetService_Fiber optic',
       'InternetService_No', 'OnlineSecurity_No internet service',
       'OnlineSecurity_Yes', 'OnlineBackup_No internet service',
       'OnlineBackup_Yes', 'DeviceProtection_No internet service',
       'DeviceProtection_Yes', 'TechSupport_No internet service',
       'TechSupport_Yes', 'StreamingTV_No internet service', 'StreamingTV_Yes',
       'StreamingMovies_No internet service', 'StreamingMovies_Yes',
       'PaperlessBilling_Yes', 'PaymentMethod_Credit card (automatic)',
       'PaymentMethod_Electronic check', 'PaymentMethod_Mailed check',
       'Contract_con', 'SeniorCitizen'],
      dtype='object')
2025-11-05 12:19:58,691 - INFO - Training_data cat shape : (5634, 27) -> Index(['MonthlyCharges', 'TotalCharges', 'JoinYear', 'sim', 'Partner_Yes',
       'Dependents_Yes', 'MultipleLines_Yes', 'InternetService_Fiber optic',
       'InternetService_No', 'OnlineSecurity_No internet service',
       'OnlineSecurity_Yes', 'OnlineBackup_No internet service',
       'OnlineBackup_Yes', 'DeviceProtection_No internet service',
       'DeviceProtection_Yes', 'TechSupport_No internet service',
       'TechSupport_Yes', 'StreamingTV_No internet service', 'StreamingTV_Yes',
       'StreamingMovies_No internet service', 'StreamingMovies_Yes',
       'PaperlessBilling_Yes', 'PaymentMethod_Credit card (automatic)',
       'PaymentMethod_Electronic check', 'PaymentMethod_Mailed check',
       'Contract_con', 'SeniorCitizen'],
      dtype='object')
2025-11-05 12:19:58,691 - INFO - Testing_data cat shape : (1409, 27) -> Index(['MonthlyCharges', 'TotalCharges', 'JoinYear', 'sim', 'Partner_Yes',
       'Dependents_Yes', 'MultipleLines_Yes', 'InternetService_Fiber optic',
       'InternetService_No', 'OnlineSecurity_No internet service',
       'OnlineSecurity_Yes', 'OnlineBackup_No internet service',
       'OnlineBackup_Yes', 'DeviceProtection_No internet service',
       'DeviceProtection_Yes', 'TechSupport_No internet service',
       'TechSupport_Yes', 'StreamingTV_No internet service', 'StreamingTV_Yes',
       'StreamingMovies_No internet service', 'StreamingMovies_Yes',
       'PaperlessBilling_Yes', 'PaymentMethod_Credit card (automatic)',
       'PaymentMethod_Electronic check', 'PaymentMethod_Mailed check',
       'Contract_con', 'SeniorCitizen'],
      dtype='object')
2025-11-05 12:23:01,341 - INFO - Training_data cat shape : (5634, 27) -> Index(['MonthlyCharges', 'TotalCharges', 'JoinYear', 'sim', 'Partner_Yes',
       'Dependents_Yes', 'MultipleLines_Yes', 'InternetService_Fiber optic',
       'InternetService_No', 'OnlineSecurity_No internet service',
       'OnlineSecurity_Yes', 'OnlineBackup_No internet service',
       'OnlineBackup_Yes', 'DeviceProtection_No internet service',
       'DeviceProtection_Yes', 'TechSupport_No internet service',
       'TechSupport_Yes', 'StreamingTV_No internet service', 'StreamingTV_Yes',
       'StreamingMovies_No internet service', 'StreamingMovies_Yes',
       'PaperlessBilling_Yes', 'PaymentMethod_Credit card (automatic)',
       'PaymentMethod_Electronic check', 'PaymentMethod_Mailed check',
       'Contract_con', 'SeniorCitizen'],
      dtype='object')
2025-11-05 12:23:01,341 - INFO - Testing_data cat shape : (1409, 27) -> Index(['MonthlyCharges', 'TotalCharges', 'JoinYear', 'sim', 'Partner_Yes',
       'Dependents_Yes', 'MultipleLines_Yes', 'InternetService_Fiber optic',
       'InternetService_No', 'OnlineSecurity_No internet service',
       'OnlineSecurity_Yes', 'OnlineBackup_No internet service',
       'OnlineBackup_Yes', 'DeviceProtection_No internet service',
       'DeviceProtection_Yes', 'TechSupport_No internet service',
       'TechSupport_Yes', 'StreamingTV_No internet service', 'StreamingTV_Yes',
       'StreamingMovies_No internet service', 'StreamingMovies_Yes',
       'PaperlessBilling_Yes', 'PaymentMethod_Credit card (automatic)',
       'PaymentMethod_Electronic check', 'PaymentMethod_Mailed check',
       'Contract_con', 'SeniorCitizen'],
      dtype='object')
2025-11-05 12:26:26,404 - INFO - Training_data cat shape : (5634, 27) -> Index(['MonthlyCharges', 'TotalCharges', 'JoinYear', 'sim', 'Partner_Yes',
       'Dependents_Yes', 'MultipleLines_Yes', 'InternetService_Fiber optic',
       'InternetService_No', 'OnlineSecurity_No internet service',
       'OnlineSecurity_Yes', 'OnlineBackup_No internet service',
       'OnlineBackup_Yes', 'DeviceProtection_No internet service',
       'DeviceProtection_Yes', 'TechSupport_No internet service',
       'TechSupport_Yes', 'StreamingTV_No internet service', 'StreamingTV_Yes',
       'StreamingMovies_No internet service', 'StreamingMovies_Yes',
       'PaperlessBilling_Yes', 'PaymentMethod_Credit card (automatic)',
       'PaymentMethod_Electronic check', 'PaymentMethod_Mailed check',
       'Contract_con', 'SeniorCitizen'],
      dtype='object')
2025-11-05 12:26:26,404 - INFO - Testing_data cat shape : (1409, 27) -> Index(['MonthlyCharges', 'TotalCharges', 'JoinYear', 'sim', 'Partner_Yes',
       'Dependents_Yes', 'MultipleLines_Yes', 'InternetService_Fiber optic',
       'InternetService_No', 'OnlineSecurity_No internet service',
       'OnlineSecurity_Yes', 'OnlineBackup_No internet service',
       'OnlineBackup_Yes', 'DeviceProtection_No internet service',
       'DeviceProtection_Yes', 'TechSupport_No internet service',
       'TechSupport_Yes', 'StreamingTV_No internet service', 'StreamingTV_Yes',
       'StreamingMovies_No internet service', 'StreamingMovies_Yes',
       'PaperlessBilling_Yes', 'PaymentMethod_Credit card (automatic)',
       'PaymentMethod_Electronic check', 'PaymentMethod_Mailed check',
       'Contract_con', 'SeniorCitizen'],
      dtype='object')
2025-11-05 12:27:35,960 - INFO - Training_data cat shape : (5634, 27) -> Index(['MonthlyCharges', 'TotalCharges', 'JoinYear', 'sim', 'Partner_Yes',
       'Dependents_Yes', 'MultipleLines_Yes', 'InternetService_Fiber optic',
       'InternetService_No', 'OnlineSecurity_No internet service',
       'OnlineSecurity_Yes', 'OnlineBackup_No internet service',
       'OnlineBackup_Yes', 'DeviceProtection_No internet service',
       'DeviceProtection_Yes', 'TechSupport_No internet service',
       'TechSupport_Yes', 'StreamingTV_No internet service', 'StreamingTV_Yes',
       'StreamingMovies_No internet service', 'StreamingMovies_Yes',
       'PaperlessBilling_Yes', 'PaymentMethod_Credit card (automatic)',
       'PaymentMethod_Electronic check', 'PaymentMethod_Mailed check',
       'Contract_con', 'SeniorCitizen'],
      dtype='object')
2025-11-05 12:27:35,960 - INFO - Testing_data cat shape : (1409, 27) -> Index(['MonthlyCharges', 'TotalCharges', 'JoinYear', 'sim', 'Partner_Yes',
       'Dependents_Yes', 'MultipleLines_Yes', 'InternetService_Fiber optic',
       'InternetService_No', 'OnlineSecurity_No internet service',
       'OnlineSecurity_Yes', 'OnlineBackup_No internet service',
       'OnlineBackup_Yes', 'DeviceProtection_No internet service',
       'DeviceProtection_Yes', 'TechSupport_No internet service',
       'TechSupport_Yes', 'StreamingTV_No internet service', 'StreamingTV_Yes',
       'StreamingMovies_No internet service', 'StreamingMovies_Yes',
       'PaperlessBilling_Yes', 'PaymentMethod_Credit card (automatic)',
       'PaymentMethod_Electronic check', 'PaymentMethod_Mailed check',
       'Contract_con', 'SeniorCitizen'],
      dtype='object')
2025-11-05 12:28:16,642 - INFO - Training_data cat shape : (5634, 27) -> Index(['MonthlyCharges', 'TotalCharges', 'JoinYear', 'sim', 'Partner_Yes',
       'Dependents_Yes', 'MultipleLines_Yes', 'InternetService_Fiber optic',
       'InternetService_No', 'OnlineSecurity_No internet service',
       'OnlineSecurity_Yes', 'OnlineBackup_No internet service',
       'OnlineBackup_Yes', 'DeviceProtection_No internet service',
       'DeviceProtection_Yes', 'TechSupport_No internet service',
       'TechSupport_Yes', 'StreamingTV_No internet service', 'StreamingTV_Yes',
       'StreamingMovies_No internet service', 'StreamingMovies_Yes',
       'PaperlessBilling_Yes', 'PaymentMethod_Credit card (automatic)',
       'PaymentMethod_Electronic check', 'PaymentMethod_Mailed check',
       'Contract_con', 'SeniorCitizen'],
      dtype='object')
2025-11-05 12:28:16,642 - INFO - Testing_data cat shape : (1409, 27) -> Index(['MonthlyCharges', 'TotalCharges', 'JoinYear', 'sim', 'Partner_Yes',
       'Dependents_Yes', 'MultipleLines_Yes', 'InternetService_Fiber optic',
       'InternetService_No', 'OnlineSecurity_No internet service',
       'OnlineSecurity_Yes', 'OnlineBackup_No internet service',
       'OnlineBackup_Yes', 'DeviceProtection_No internet service',
       'DeviceProtection_Yes', 'TechSupport_No internet service',
       'TechSupport_Yes', 'StreamingTV_No internet service', 'StreamingTV_Yes',
       'StreamingMovies_No internet service', 'StreamingMovies_Yes',
       'PaperlessBilling_Yes', 'PaymentMethod_Credit card (automatic)',
       'PaymentMethod_Electronic check', 'PaymentMethod_Mailed check',
       'Contract_con', 'SeniorCitizen'],
      dtype='object')
2025-11-05 12:33:10,676 - INFO - Training_data cat shape : (5634, 27) -> Index(['MonthlyCharges', 'TotalCharges', 'JoinYear', 'sim', 'Partner_Yes',
       'Dependents_Yes', 'MultipleLines_Yes', 'InternetService_Fiber optic',
       'InternetService_No', 'OnlineSecurity_No internet service',
       'OnlineSecurity_Yes', 'OnlineBackup_No internet service',
       'OnlineBackup_Yes', 'DeviceProtection_No internet service',
       'DeviceProtection_Yes', 'TechSupport_No internet service',
       'TechSupport_Yes', 'StreamingTV_No internet service', 'StreamingTV_Yes',
       'StreamingMovies_No internet service', 'StreamingMovies_Yes',
       'PaperlessBilling_Yes', 'PaymentMethod_Credit card (automatic)',
       'PaymentMethod_Electronic check', 'PaymentMethod_Mailed check',
       'Contract_con', 'SeniorCitizen'],
      dtype='object')
2025-11-05 12:33:10,682 - INFO - Testing_data cat shape : (1409, 27) -> Index(['MonthlyCharges', 'TotalCharges', 'JoinYear', 'sim', 'Partner_Yes',
       'Dependents_Yes', 'MultipleLines_Yes', 'InternetService_Fiber optic',
       'InternetService_No', 'OnlineSecurity_No internet service',
       'OnlineSecurity_Yes', 'OnlineBackup_No internet service',
       'OnlineBackup_Yes', 'DeviceProtection_No internet service',
       'DeviceProtection_Yes', 'TechSupport_No internet service',
       'TechSupport_Yes', 'StreamingTV_No internet service', 'StreamingTV_Yes',
       'StreamingMovies_No internet service', 'StreamingMovies_Yes',
       'PaperlessBilling_Yes', 'PaymentMethod_Credit card (automatic)',
       'PaymentMethod_Electronic check', 'PaymentMethod_Mailed check',
       'Contract_con', 'SeniorCitizen'],
      dtype='object')
2025-11-05 12:38:39,622 - INFO - Training_data cat shape : (5634, 27) -> Index(['MonthlyCharges', 'TotalCharges', 'JoinYear', 'sim', 'Partner_Yes',
       'Dependents_Yes', 'MultipleLines_Yes', 'InternetService_Fiber optic',
       'InternetService_No', 'OnlineSecurity_No internet service',
       'OnlineSecurity_Yes', 'OnlineBackup_No internet service',
       'OnlineBackup_Yes', 'DeviceProtection_No internet service',
       'DeviceProtection_Yes', 'TechSupport_No internet service',
       'TechSupport_Yes', 'StreamingTV_No internet service', 'StreamingTV_Yes',
       'StreamingMovies_No internet service', 'StreamingMovies_Yes',
       'PaperlessBilling_Yes', 'PaymentMethod_Credit card (automatic)',
       'PaymentMethod_Electronic check', 'PaymentMethod_Mailed check',
       'Contract_con', 'SeniorCitizen'],
      dtype='object')
2025-11-05 12:38:39,622 - INFO - Testing_data cat shape : (1409, 27) -> Index(['MonthlyCharges', 'TotalCharges', 'JoinYear', 'sim', 'Partner_Yes',
       'Dependents_Yes', 'MultipleLines_Yes', 'InternetService_Fiber optic',
       'InternetService_No', 'OnlineSecurity_No internet service',
       'OnlineSecurity_Yes', 'OnlineBackup_No internet service',
       'OnlineBackup_Yes', 'DeviceProtection_No internet service',
       'DeviceProtection_Yes', 'TechSupport_No internet service',
       'TechSupport_Yes', 'StreamingTV_No internet service', 'StreamingTV_Yes',
       'StreamingMovies_No internet service', 'StreamingMovies_Yes',
       'PaperlessBilling_Yes', 'PaymentMethod_Credit card (automatic)',
       'PaymentMethod_Electronic check', 'PaymentMethod_Mailed check',
       'Contract_con', 'SeniorCitizen'],
      dtype='object')
2025-11-05 15:16:40,151 - INFO - Training_data cat shape : (5634, 27) -> Index(['MonthlyCharges', 'TotalCharges', 'JoinYear', 'sim', 'Partner_Yes',
       'Dependents_Yes', 'MultipleLines_Yes', 'InternetService_Fiber optic',
       'InternetService_No', 'OnlineSecurity_No internet service',
       'OnlineSecurity_Yes', 'OnlineBackup_No internet service',
       'OnlineBackup_Yes', 'DeviceProtection_No internet service',
       'DeviceProtection_Yes', 'TechSupport_No internet service',
       'TechSupport_Yes', 'StreamingTV_No internet service', 'StreamingTV_Yes',
       'StreamingMovies_No internet service', 'StreamingMovies_Yes',
       'PaperlessBilling_Yes', 'PaymentMethod_Credit card (automatic)',
       'PaymentMethod_Electronic check', 'PaymentMethod_Mailed check',
       'Contract_con', 'SeniorCitizen'],
      dtype='object')
2025-11-05 15:16:40,151 - INFO - Testing_data cat shape : (1409, 27) -> Index(['MonthlyCharges', 'TotalCharges', 'JoinYear', 'sim', 'Partner_Yes',
       'Dependents_Yes', 'MultipleLines_Yes', 'InternetService_Fiber optic',
       'InternetService_No', 'OnlineSecurity_No internet service',
       'OnlineSecurity_Yes', 'OnlineBackup_No internet service',
       'OnlineBackup_Yes', 'DeviceProtection_No internet service',
       'DeviceProtection_Yes', 'TechSupport_No internet service',
       'TechSupport_Yes', 'StreamingTV_No internet service', 'StreamingTV_Yes',
       'StreamingMovies_No internet service', 'StreamingMovies_Yes',
       'PaperlessBilling_Yes', 'PaymentMethod_Credit card (automatic)',
       'PaymentMethod_Electronic check', 'PaymentMethod_Mailed check',
       'Contract_con', 'SeniorCitizen'],
      dtype='object')
2025-11-05 15:34:49,406 - INFO - Training_data cat shape : (5634, 27) -> Index(['MonthlyCharges', 'TotalCharges', 'JoinYear', 'sim', 'Partner_Yes',
       'Dependents_Yes', 'MultipleLines_Yes', 'InternetService_Fiber optic',
       'InternetService_No', 'OnlineSecurity_No internet service',
       'OnlineSecurity_Yes', 'OnlineBackup_No internet service',
       'OnlineBackup_Yes', 'DeviceProtection_No internet service',
       'DeviceProtection_Yes', 'TechSupport_No internet service',
       'TechSupport_Yes', 'StreamingTV_No internet service', 'StreamingTV_Yes',
       'StreamingMovies_No internet service', 'StreamingMovies_Yes',
       'PaperlessBilling_Yes', 'PaymentMethod_Credit card (automatic)',
       'PaymentMethod_Electronic check', 'PaymentMethod_Mailed check',
       'Contract_con', 'SeniorCitizen'],
      dtype='object')
2025-11-05 15:34:49,418 - INFO - Testing_data cat shape : (1409, 27) -> Index(['MonthlyCharges', 'TotalCharges', 'JoinYear', 'sim', 'Partner_Yes',
       'Dependents_Yes', 'MultipleLines_Yes', 'InternetService_Fiber optic',
       'InternetService_No', 'OnlineSecurity_No internet service',
       'OnlineSecurity_Yes', 'OnlineBackup_No internet service',
       'OnlineBackup_Yes', 'DeviceProtection_No internet service',
       'DeviceProtection_Yes', 'TechSupport_No internet service',
       'TechSupport_Yes', 'StreamingTV_No internet service', 'StreamingTV_Yes',
       'StreamingMovies_No internet service', 'StreamingMovies_Yes',
       'PaperlessBilling_Yes', 'PaymentMethod_Credit card (automatic)',
       'PaymentMethod_Electronic check', 'PaymentMethod_Mailed check',
       'Contract_con', 'SeniorCitizen'],
      dtype='object')
2025-11-05 22:08:14,811 - INFO - Training_data cat shape : (5634, 27) -> Index(['MonthlyCharges', 'TotalCharges', 'JoinYear', 'sim', 'Partner_Yes',
       'Dependents_Yes', 'MultipleLines_Yes', 'InternetService_Fiber optic',
       'InternetService_No', 'OnlineSecurity_No internet service',
       'OnlineSecurity_Yes', 'OnlineBackup_No internet service',
       'OnlineBackup_Yes', 'DeviceProtection_No internet service',
       'DeviceProtection_Yes', 'TechSupport_No internet service',
       'TechSupport_Yes', 'StreamingTV_No internet service', 'StreamingTV_Yes',
       'StreamingMovies_No internet service', 'StreamingMovies_Yes',
       'PaperlessBilling_Yes', 'PaymentMethod_Credit card (automatic)',
       'PaymentMethod_Electronic check', 'PaymentMethod_Mailed check',
       'Contract_con', 'SeniorCitizen'],
      dtype='object')
2025-11-05 22:08:14,812 - INFO - Testing_data cat shape : (1409, 27) -> Index(['MonthlyCharges', 'TotalCharges', 'JoinYear', 'sim', 'Partner_Yes',
       'Dependents_Yes', 'MultipleLines_Yes', 'InternetService_Fiber optic',
       'InternetService_No', 'OnlineSecurity_No internet service',
       'OnlineSecurity_Yes', 'OnlineBackup_No internet service',
       'OnlineBackup_Yes', 'DeviceProtection_No internet service',
       'DeviceProtection_Yes', 'TechSupport_No internet service',
       'TechSupport_Yes', 'StreamingTV_No internet service', 'StreamingTV_Yes',
       'StreamingMovies_No internet service', 'StreamingMovies_Yes',
       'PaperlessBilling_Yes', 'PaymentMethod_Credit card (automatic)',
       'PaymentMethod_Electronic check', 'PaymentMethod_Mailed check',
       'Contract_con', 'SeniorCitizen'],
      dtype='object')
2025-11-06 09:27:02,757 - INFO - Training_data cat shape : (5634, 27) -> Index(['MonthlyCharges', 'TotalCharges', 'JoinYear', 'sim', 'Partner_Yes',
       'Dependents_Yes', 'MultipleLines_Yes', 'InternetService_Fiber optic',
       'InternetService_No', 'OnlineSecurity_No internet service',
       'OnlineSecurity_Yes', 'OnlineBackup_No internet service',
       'OnlineBackup_Yes', 'DeviceProtection_No internet service',
       'DeviceProtection_Yes', 'TechSupport_No internet service',
       'TechSupport_Yes', 'StreamingTV_No internet service', 'StreamingTV_Yes',
       'StreamingMovies_No internet service', 'StreamingMovies_Yes',
       'PaperlessBilling_Yes', 'PaymentMethod_Credit card (automatic)',
       'PaymentMethod_Electronic check', 'PaymentMethod_Mailed check',
       'Contract_con', 'SeniorCitizen'],
      dtype='object')
2025-11-06 09:27:02,759 - INFO - Testing_data cat shape : (1409, 27) -> Index(['MonthlyCharges', 'TotalCharges', 'JoinYear', 'sim', 'Partner_Yes',
       'Dependents_Yes', 'MultipleLines_Yes', 'InternetService_Fiber optic',
       'InternetService_No', 'OnlineSecurity_No internet service',
       'OnlineSecurity_Yes', 'OnlineBackup_No internet service',
       'OnlineBackup_Yes', 'DeviceProtection_No internet service',
       'DeviceProtection_Yes', 'TechSupport_No internet service',
       'TechSupport_Yes', 'StreamingTV_No internet service', 'StreamingTV_Yes',
       'StreamingMovies_No internet service', 'StreamingMovies_Yes',
       'PaperlessBilling_Yes', 'PaymentMethod_Credit card (automatic)',
       'PaymentMethod_Electronic check', 'PaymentMethod_Mailed check',
       'Contract_con', 'SeniorCitizen'],
      dtype='object')
2025-11-06 11:10:32,344 - INFO - Training_data cat shape : (5634, 27) -> Index(['MonthlyCharges', 'TotalCharges', 'JoinYear', 'sim', 'Partner_Yes',
       'Dependents_Yes', 'MultipleLines_Yes', 'InternetService_Fiber optic',
       'InternetService_No', 'OnlineSecurity_No internet service',
       'OnlineSecurity_Yes', 'OnlineBackup_No internet service',
       'OnlineBackup_Yes', 'DeviceProtection_No internet service',
       'DeviceProtection_Yes', 'TechSupport_No internet service',
       'TechSupport_Yes', 'StreamingTV_No internet service', 'StreamingTV_Yes',
       'StreamingMovies_No internet service', 'StreamingMovies_Yes',
       'PaperlessBilling_Yes', 'PaymentMethod_Credit card (automatic)',
       'PaymentMethod_Electronic check', 'PaymentMethod_Mailed check',
       'Contract_con', 'SeniorCitizen'],
      dtype='object')
2025-11-06 11:10:32,344 - INFO - Testing_data cat shape : (1409, 27) -> Index(['MonthlyCharges', 'TotalCharges', 'JoinYear', 'sim', 'Partner_Yes',
       'Dependents_Yes', 'MultipleLines_Yes', 'InternetService_Fiber optic',
       'InternetService_No', 'OnlineSecurity_No internet service',
       'OnlineSecurity_Yes', 'OnlineBackup_No internet service',
       'OnlineBackup_Yes', 'DeviceProtection_No internet service',
       'DeviceProtection_Yes', 'TechSupport_No internet service',
       'TechSupport_Yes', 'StreamingTV_No internet service', 'StreamingTV_Yes',
       'StreamingMovies_No internet service', 'StreamingMovies_Yes',
       'PaperlessBilling_Yes', 'PaymentMethod_Credit card (automatic)',
       'PaymentMethod_Electronic check', 'PaymentMethod_Mailed check',
       'Contract_con', 'SeniorCitizen'],
      dtype='object')
2025-11-06 11:17:39,085 - INFO - Training_data cat shape : (5634, 28) -> Index(['tenure', 'MonthlyCharges', 'TotalCharges', 'JoinYear', 'sim',
       'Partner_Yes', 'Dependents_Yes', 'MultipleLines_Yes',
       'InternetService_Fiber optic', 'InternetService_No',
       'OnlineSecurity_No internet service', 'OnlineSecurity_Yes',
       'OnlineBackup_No internet service', 'OnlineBackup_Yes',
       'DeviceProtection_No internet service', 'DeviceProtection_Yes',
       'TechSupport_No internet service', 'TechSupport_Yes',
       'StreamingTV_No internet service', 'StreamingTV_Yes',
       'StreamingMovies_No internet service', 'StreamingMovies_Yes',
       'PaperlessBilling_Yes', 'PaymentMethod_Credit card (automatic)',
       'PaymentMethod_Electronic check', 'PaymentMethod_Mailed check',
       'Contract_con', 'SeniorCitizen'],
      dtype='object')
2025-11-06 11:17:39,085 - INFO - Testing_data cat shape : (1409, 28) -> Index(['tenure', 'MonthlyCharges', 'TotalCharges', 'JoinYear', 'sim',
       'Partner_Yes', 'Dependents_Yes', 'MultipleLines_Yes',
       'InternetService_Fiber optic', 'InternetService_No',
       'OnlineSecurity_No internet service', 'OnlineSecurity_Yes',
       'OnlineBackup_No internet service', 'OnlineBackup_Yes',
       'DeviceProtection_No internet service', 'DeviceProtection_Yes',
       'TechSupport_No internet service', 'TechSupport_Yes',
       'StreamingTV_No internet service', 'StreamingTV_Yes',
       'StreamingMovies_No internet service', 'StreamingMovies_Yes',
       'PaperlessBilling_Yes', 'PaymentMethod_Credit card (automatic)',
       'PaymentMethod_Electronic check', 'PaymentMethod_Mailed check',
       'Contract_con', 'SeniorCitizen'],
      dtype='object')
2025-11-06 11:18:47,522 - INFO - Training_data cat shape : (5634, 28) -> Index(['tenure', 'MonthlyCharges', 'TotalCharges', 'JoinYear', 'sim',
       'Partner_Yes', 'Dependents_Yes', 'MultipleLines_Yes',
       'InternetService_Fiber optic', 'InternetService_No',
       'OnlineSecurity_No internet service', 'OnlineSecurity_Yes',
       'OnlineBackup_No internet service', 'OnlineBackup_Yes',
       'DeviceProtection_No internet service', 'DeviceProtection_Yes',
       'TechSupport_No internet service', 'TechSupport_Yes',
       'StreamingTV_No internet service', 'StreamingTV_Yes',
       'StreamingMovies_No internet service', 'StreamingMovies_Yes',
       'PaperlessBilling_Yes', 'PaymentMethod_Credit card (automatic)',
       'PaymentMethod_Electronic check', 'PaymentMethod_Mailed check',
       'Contract_con', 'SeniorCitizen'],
      dtype='object')
2025-11-06 11:18:47,522 - INFO - Testing_data cat shape : (1409, 28) -> Index(['tenure', 'MonthlyCharges', 'TotalCharges', 'JoinYear', 'sim',
       'Partner_Yes', 'Dependents_Yes', 'MultipleLines_Yes',
       'InternetService_Fiber optic', 'InternetService_No',
       'OnlineSecurity_No internet service', 'OnlineSecurity_Yes',
       'OnlineBackup_No internet service', 'OnlineBackup_Yes',
       'DeviceProtection_No internet service', 'DeviceProtection_Yes',
       'TechSupport_No internet service', 'TechSupport_Yes',
       'StreamingTV_No internet service', 'StreamingTV_Yes',
       'StreamingMovies_No internet service', 'StreamingMovies_Yes',
       'PaperlessBilling_Yes', 'PaymentMethod_Credit card (automatic)',
       'PaymentMethod_Electronic check', 'PaymentMethod_Mailed check',
       'Contract_con', 'SeniorCitizen'],
      dtype='object')
2025-11-06 11:38:09,214 - INFO - Training_data cat shape : (5634, 28) -> Index(['tenure', 'MonthlyCharges', 'TotalCharges', 'JoinYear', 'sim',
       'Partner_Yes', 'Dependents_Yes', 'MultipleLines_Yes',
       'InternetService_Fiber optic', 'InternetService_No',
       'OnlineSecurity_No internet service', 'OnlineSecurity_Yes',
       'OnlineBackup_No internet service', 'OnlineBackup_Yes',
       'DeviceProtection_No internet service', 'DeviceProtection_Yes',
       'TechSupport_No internet service', 'TechSupport_Yes',
       'StreamingTV_No internet service', 'StreamingTV_Yes',
       'StreamingMovies_No internet service', 'StreamingMovies_Yes',
       'PaperlessBilling_Yes', 'PaymentMethod_Credit card (automatic)',
       'PaymentMethod_Electronic check', 'PaymentMethod_Mailed check',
       'Contract_con', 'SeniorCitizen'],
      dtype='object')
2025-11-06 11:38:09,214 - INFO - Testing_data cat shape : (1409, 28) -> Index(['tenure', 'MonthlyCharges', 'TotalCharges', 'JoinYear', 'sim',
       'Partner_Yes', 'Dependents_Yes', 'MultipleLines_Yes',
       'InternetService_Fiber optic', 'InternetService_No',
       'OnlineSecurity_No internet service', 'OnlineSecurity_Yes',
       'OnlineBackup_No internet service', 'OnlineBackup_Yes',
       'DeviceProtection_No internet service', 'DeviceProtection_Yes',
       'TechSupport_No internet service', 'TechSupport_Yes',
       'StreamingTV_No internet service', 'StreamingTV_Yes',
       'StreamingMovies_No internet service', 'StreamingMovies_Yes',
       'PaperlessBilling_Yes', 'PaymentMethod_Credit card (automatic)',
       'PaymentMethod_Electronic check', 'PaymentMethod_Mailed check',
       'Contract_con', 'SeniorCitizen'],
      dtype='object')
2025-11-06 11:48:54,962 - INFO - Training_data cat shape : (5634, 28) -> Index(['tenure', 'MonthlyCharges', 'TotalCharges', 'JoinYear', 'sim',
       'Partner_Yes', 'Dependents_Yes', 'MultipleLines_Yes',
       'InternetService_Fiber optic', 'InternetService_No',
       'OnlineSecurity_No internet service', 'OnlineSecurity_Yes',
       'OnlineBackup_No internet service', 'OnlineBackup_Yes',
       'DeviceProtection_No internet service', 'DeviceProtection_Yes',
       'TechSupport_No internet service', 'TechSupport_Yes',
       'StreamingTV_No internet service', 'StreamingTV_Yes',
       'StreamingMovies_No internet service', 'StreamingMovies_Yes',
       'PaperlessBilling_Yes', 'PaymentMethod_Credit card (automatic)',
       'PaymentMethod_Electronic check', 'PaymentMethod_Mailed check',
       'Contract_con', 'SeniorCitizen'],
      dtype='object')
2025-11-06 11:48:54,962 - INFO - Testing_data cat shape : (1409, 28) -> Index(['tenure', 'MonthlyCharges', 'TotalCharges', 'JoinYear', 'sim',
       'Partner_Yes', 'Dependents_Yes', 'MultipleLines_Yes',
       'InternetService_Fiber optic', 'InternetService_No',
       'OnlineSecurity_No internet service', 'OnlineSecurity_Yes',
       'OnlineBackup_No internet service', 'OnlineBackup_Yes',
       'DeviceProtection_No internet service', 'DeviceProtection_Yes',
       'TechSupport_No internet service', 'TechSupport_Yes',
       'StreamingTV_No internet service', 'StreamingTV_Yes',
       'StreamingMovies_No internet service', 'StreamingMovies_Yes',
       'PaperlessBilling_Yes', 'PaymentMethod_Credit card (automatic)',
       'PaymentMethod_Electronic check', 'PaymentMethod_Mailed check',
       'Contract_con', 'SeniorCitizen'],
      dtype='object')
2025-11-06 11:57:13,489 - INFO - Training_data cat shape : (5634, 28) -> Index(['tenure', 'MonthlyCharges', 'TotalCharges', 'JoinYear', 'sim',
       'Partner_Yes', 'Dependents_Yes', 'MultipleLines_Yes',
       'InternetService_Fiber optic', 'InternetService_No',
       'OnlineSecurity_No internet service', 'OnlineSecurity_Yes',
       'OnlineBackup_No internet service', 'OnlineBackup_Yes',
       'DeviceProtection_No internet service', 'DeviceProtection_Yes',
       'TechSupport_No internet service', 'TechSupport_Yes',
       'StreamingTV_No internet service', 'StreamingTV_Yes',
       'StreamingMovies_No internet service', 'StreamingMovies_Yes',
       'PaperlessBilling_Yes', 'PaymentMethod_Credit card (automatic)',
       'PaymentMethod_Electronic check', 'PaymentMethod_Mailed check',
       'Contract_con', 'SeniorCitizen'],
      dtype='object')
2025-11-06 11:57:13,489 - INFO - Testing_data cat shape : (1409, 28) -> Index(['tenure', 'MonthlyCharges', 'TotalCharges', 'JoinYear', 'sim',
       'Partner_Yes', 'Dependents_Yes', 'MultipleLines_Yes',
       'InternetService_Fiber optic', 'InternetService_No',
       'OnlineSecurity_No internet service', 'OnlineSecurity_Yes',
       'OnlineBackup_No internet service', 'OnlineBackup_Yes',
       'DeviceProtection_No internet service', 'DeviceProtection_Yes',
       'TechSupport_No internet service', 'TechSupport_Yes',
       'StreamingTV_No internet service', 'StreamingTV_Yes',
       'StreamingMovies_No internet service', 'StreamingMovies_Yes',
       'PaperlessBilling_Yes', 'PaymentMethod_Credit card (automatic)',
       'PaymentMethod_Electronic check', 'PaymentMethod_Mailed check',
       'Contract_con', 'SeniorCitizen'],
      dtype='object')
2025-11-06 12:01:17,594 - INFO - Training_data cat shape : (5634, 28) -> Index(['tenure', 'MonthlyCharges', 'TotalCharges', 'JoinYear', 'sim',
       'Partner_Yes', 'Dependents_Yes', 'MultipleLines_Yes',
       'InternetService_Fiber optic', 'InternetService_No',
       'OnlineSecurity_No internet service', 'OnlineSecurity_Yes',
       'OnlineBackup_No internet service', 'OnlineBackup_Yes',
       'DeviceProtection_No internet service', 'DeviceProtection_Yes',
       'TechSupport_No internet service', 'TechSupport_Yes',
       'StreamingTV_No internet service', 'StreamingTV_Yes',
       'StreamingMovies_No internet service', 'StreamingMovies_Yes',
       'PaperlessBilling_Yes', 'PaymentMethod_Credit card (automatic)',
       'PaymentMethod_Electronic check', 'PaymentMethod_Mailed check',
       'Contract_con', 'SeniorCitizen'],
      dtype='object')
2025-11-06 12:01:17,594 - INFO - Testing_data cat shape : (1409, 28) -> Index(['tenure', 'MonthlyCharges', 'TotalCharges', 'JoinYear', 'sim',
       'Partner_Yes', 'Dependents_Yes', 'MultipleLines_Yes',
       'InternetService_Fiber optic', 'InternetService_No',
       'OnlineSecurity_No internet service', 'OnlineSecurity_Yes',
       'OnlineBackup_No internet service', 'OnlineBackup_Yes',
       'DeviceProtection_No internet service', 'DeviceProtection_Yes',
       'TechSupport_No internet service', 'TechSupport_Yes',
       'StreamingTV_No internet service', 'StreamingTV_Yes',
       'StreamingMovies_No internet service', 'StreamingMovies_Yes',
       'PaperlessBilling_Yes', 'PaymentMethod_Credit card (automatic)',
       'PaymentMethod_Electronic check', 'PaymentMethod_Mailed check',
       'Contract_con', 'SeniorCitizen'],
      dtype='object')
2025-11-06 17:00:47,412 - INFO - Training_data cat shape : (5634, 28) -> Index(['tenure', 'MonthlyCharges', 'TotalCharges', 'JoinYear', 'sim',
       'Partner_Yes', 'Dependents_Yes', 'MultipleLines_Yes',
       'InternetService_Fiber optic', 'InternetService_No',
       'OnlineSecurity_No internet service', 'OnlineSecurity_Yes',
       'OnlineBackup_No internet service', 'OnlineBackup_Yes',
       'DeviceProtection_No internet service', 'DeviceProtection_Yes',
       'TechSupport_No internet service', 'TechSupport_Yes',
       'StreamingTV_No internet service', 'StreamingTV_Yes',
       'StreamingMovies_No internet service', 'StreamingMovies_Yes',
       'PaperlessBilling_Yes', 'PaymentMethod_Credit card (automatic)',
       'PaymentMethod_Electronic check', 'PaymentMethod_Mailed check',
       'Contract_con', 'SeniorCitizen'],
      dtype='object')
2025-11-06 17:00:47,412 - INFO - Testing_data cat shape : (1409, 28) -> Index(['tenure', 'MonthlyCharges', 'TotalCharges', 'JoinYear', 'sim',
       'Partner_Yes', 'Dependents_Yes', 'MultipleLines_Yes',
       'InternetService_Fiber optic', 'InternetService_No',
       'OnlineSecurity_No internet service', 'OnlineSecurity_Yes',
       'OnlineBackup_No internet service', 'OnlineBackup_Yes',
       'DeviceProtection_No internet service', 'DeviceProtection_Yes',
       'TechSupport_No internet service', 'TechSupport_Yes',
       'StreamingTV_No internet service', 'StreamingTV_Yes',
       'StreamingMovies_No internet service', 'StreamingMovies_Yes',
       'PaperlessBilling_Yes', 'PaymentMethod_Credit card (automatic)',
       'PaymentMethod_Electronic check', 'PaymentMethod_Mailed check',
       'Contract_con', 'SeniorCitizen'],
      dtype='object')
