2025-11-04 22:17:47,142 - INFO - visual stated
2025-11-04 22:17:47,142 - INFO - Total_charges_qt
2025-11-04 22:17:47,519 - INFO - kde-st
2025-11-04 22:17:47,534 - INFO - box-st
2025-11-04 22:17:47,548 - INFO - prob-st
2025-11-04 22:17:52,891 - INFO - Total_charges_qt graph quantile transformcompleted
2025-11-04 22:17:52,910 - INFO - visual stated
2025-11-04 22:17:52,912 - INFO - Total_charges_qt
2025-11-04 22:17:53,208 - INFO - kde-st
2025-11-04 22:17:53,219 - INFO - box-st
2025-11-04 22:17:53,229 - INFO - prob-st
2025-11-04 22:17:55,058 - INFO - Total_charges_qt graph quantile transformcompleted
2025-11-04 22:26:15,257 - INFO - visual stated
2025-11-04 22:26:15,258 - INFO - Total_charges_qt
2025-11-04 22:26:15,628 - INFO - kde-st
2025-11-04 22:26:15,638 - INFO - box-st
2025-11-04 22:26:15,651 - INFO - prob-st
2025-11-04 22:26:18,240 - INFO - Total_charges_qt graph quantile transformcompleted
2025-11-04 22:26:18,240 - INFO - visual stated
2025-11-04 22:26:18,240 - INFO - Total_charges_qt
2025-11-04 22:26:18,442 - INFO - kde-st
2025-11-04 22:26:18,458 - INFO - box-st
2025-11-04 22:26:18,463 - INFO - prob-st
2025-11-04 22:26:21,239 - INFO - Total_charges_qt graph quantile transformcompleted
2025-11-04 22:27:37,426 - INFO - visual stated
2025-11-04 22:27:37,426 - INFO - Total_charges_qt
2025-11-04 22:27:37,802 - INFO - kde-st
2025-11-04 22:27:37,835 - INFO - box-st
2025-11-04 22:27:37,846 - INFO - prob-st
2025-11-04 22:27:39,888 - INFO - Total_charges_qt graph quantile transformcompleted
2025-11-04 22:27:39,888 - INFO - visual stated
2025-11-04 22:27:39,888 - INFO - Total_charges_qt
2025-11-04 22:27:40,096 - INFO - kde-st
2025-11-04 22:27:40,106 - INFO - box-st
2025-11-04 22:27:40,115 - INFO - prob-st
2025-11-04 22:27:42,546 - INFO - Total_charges_qt graph quantile transformcompleted
2025-11-04 22:38:55,091 - INFO - visual stated
2025-11-04 22:38:55,091 - INFO - Total_charges_qt
2025-11-04 22:38:55,471 - INFO - kde-st
2025-11-04 22:38:55,480 - INFO - box-st
2025-11-04 22:38:55,499 - INFO - prob-st
2025-11-04 22:38:57,841 - INFO - Total_charges_qt graph quantile transformcompleted
2025-11-04 22:38:57,841 - INFO - visual stated
2025-11-04 22:38:57,841 - INFO - Total_charges_qt
2025-11-04 22:38:58,042 - INFO - kde-st
2025-11-04 22:38:58,061 - INFO - box-st
2025-11-04 22:38:58,071 - INFO - prob-st
2025-11-04 22:39:00,731 - INFO - Total_charges_qt graph quantile transformcompleted
2025-11-04 22:41:30,291 - INFO - visual stated
2025-11-04 22:41:30,291 - INFO - Total_charges_qt
2025-11-04 22:41:30,810 - INFO - kde-st
2025-11-04 22:41:30,824 - INFO - box-st
2025-11-04 22:41:30,835 - INFO - prob-st
2025-11-04 22:41:33,234 - INFO - Total_charges_qt graph quantile transformcompleted
2025-11-04 22:41:33,234 - INFO - visual stated
2025-11-04 22:41:33,234 - INFO - Total_charges_qt
2025-11-04 22:41:33,453 - INFO - kde-st
2025-11-04 22:41:33,464 - INFO - box-st
2025-11-04 22:41:33,477 - INFO - prob-st
2025-11-04 22:41:35,644 - INFO - Total_charges_qt graph quantile transformcompleted
2025-11-04 22:41:43,955 - INFO - visual stated
2025-11-04 22:41:43,955 - INFO - Total_charges_qt
2025-11-04 22:41:44,405 - INFO - kde-st
2025-11-04 22:41:44,425 - INFO - box-st
2025-11-04 22:41:44,435 - INFO - prob-st
2025-11-04 22:41:47,115 - INFO - Total_charges_qt graph quantile transformcompleted
2025-11-04 22:41:47,115 - INFO - visual stated
2025-11-04 22:41:47,115 - INFO - Total_charges_qt
2025-11-04 22:41:47,324 - INFO - kde-st
2025-11-04 22:41:47,337 - INFO - box-st
2025-11-04 22:41:47,345 - INFO - prob-st
2025-11-04 22:41:49,215 - INFO - Total_charges_qt graph quantile transformcompleted
2025-11-04 22:42:31,273 - INFO - visual stated
2025-11-04 22:42:31,273 - INFO - Total_charges_qt
2025-11-04 22:42:31,719 - INFO - kde-st
2025-11-04 22:42:31,742 - INFO - box-st
2025-11-04 22:42:31,752 - INFO - prob-st
2025-11-04 22:42:35,073 - INFO - Total_charges_qt graph quantile transformcompleted
2025-11-04 22:42:35,073 - INFO - visual stated
2025-11-04 22:42:35,073 - INFO - Total_charges_qt
2025-11-04 22:42:35,273 - INFO - kde-st
2025-11-04 22:42:35,289 - INFO - box-st
2025-11-04 22:42:35,289 - INFO - prob-st
2025-11-04 22:42:36,720 - INFO - Total_charges_qt graph quantile transformcompleted
2025-11-04 22:43:59,439 - INFO - visual stated
2025-11-04 22:43:59,439 - INFO - Total_charges_qt
2025-11-04 22:43:59,805 - INFO - kde-st
2025-11-04 22:43:59,829 - INFO - box-st
2025-11-04 22:43:59,836 - INFO - prob-st
2025-11-04 22:44:01,533 - INFO - Total_charges_qt graph quantile transformcompleted
2025-11-04 22:44:01,533 - INFO - visual stated
2025-11-04 22:44:01,533 - INFO - Total_charges_qt
2025-11-04 22:44:01,739 - INFO - kde-st
2025-11-04 22:44:01,755 - INFO - box-st
2025-11-04 22:44:01,755 - INFO - prob-st
2025-11-04 22:44:03,714 - INFO - Total_charges_qt graph quantile transformcompleted
2025-11-04 22:45:08,246 - INFO - visual stated
2025-11-04 22:45:08,246 - INFO - Total_charges_qt
2025-11-04 22:45:08,613 - INFO - kde-st
2025-11-04 22:45:08,629 - INFO - box-st
2025-11-04 22:45:08,629 - INFO - prob-st
2025-11-04 22:45:10,294 - INFO - Total_charges_qt graph quantile transformcompleted
2025-11-04 22:45:10,294 - INFO - visual stated
2025-11-04 22:45:10,294 - INFO - Total_charges_qt
2025-11-04 22:45:10,548 - INFO - kde-st
2025-11-04 22:45:10,548 - INFO - box-st
2025-11-04 22:45:10,564 - INFO - prob-st
2025-11-04 22:45:11,922 - INFO - Total_charges_qt graph quantile transformcompleted
2025-11-04 22:46:07,925 - INFO - visual stated
2025-11-04 22:46:07,925 - INFO - Total_charges_qt
2025-11-04 22:46:08,292 - INFO - kde-st
2025-11-04 22:46:08,308 - INFO - box-st
2025-11-04 22:46:08,322 - INFO - prob-st
2025-11-04 22:46:09,858 - INFO - Total_charges_qt graph quantile transformcompleted
2025-11-04 22:46:09,858 - INFO - visual stated
2025-11-04 22:46:09,858 - INFO - Total_charges_qt
2025-11-04 22:46:10,065 - INFO - kde-st
2025-11-04 22:46:10,081 - INFO - box-st
2025-11-04 22:46:10,081 - INFO - prob-st
2025-11-04 22:46:11,467 - INFO - Total_charges_qt graph quantile transformcompleted
2025-11-04 22:49:21,703 - INFO - visual stated
2025-11-04 22:49:21,703 - INFO - MonthlyCharges_qt
2025-11-04 22:49:22,062 - INFO - kde-st
2025-11-04 22:49:22,078 - INFO - box-st
2025-11-04 22:49:22,094 - INFO - prob-st
2025-11-04 22:49:23,857 - INFO - MonthlyCharges_qt graph quantile transformcompleted
2025-11-04 22:49:23,857 - INFO - TotalCharges_qt
2025-11-04 22:49:24,220 - INFO - kde-st
2025-11-04 22:49:24,239 - INFO - box-st
2025-11-04 22:49:24,252 - INFO - prob-st
2025-11-04 22:49:25,574 - INFO - TotalCharges_qt graph quantile transformcompleted
2025-11-04 22:49:25,574 - INFO - visual stated
2025-11-04 22:49:25,574 - INFO - MonthlyCharges_qt
2025-11-04 22:49:25,773 - INFO - kde-st
2025-11-04 22:49:25,789 - INFO - box-st
2025-11-04 22:49:25,807 - INFO - prob-st
2025-11-04 22:49:27,354 - INFO - MonthlyCharges_qt graph quantile transformcompleted
2025-11-04 22:49:27,354 - INFO - TotalCharges_qt
2025-11-04 22:49:27,562 - INFO - kde-st
2025-11-04 22:49:27,578 - INFO - box-st
2025-11-04 22:49:27,578 - INFO - prob-st
2025-11-04 22:49:29,333 - INFO - TotalCharges_qt graph quantile transformcompleted
2025-11-04 22:57:51,060 - INFO - visual stated
2025-11-04 22:57:51,060 - INFO - MonthlyCharges_qt
2025-11-04 22:57:51,441 - INFO - kde-st
2025-11-04 22:57:51,459 - INFO - box-st
2025-11-04 22:57:51,473 - INFO - prob-st
2025-11-04 22:57:53,443 - INFO - MonthlyCharges_qt graph quantile transformcompleted
2025-11-04 22:57:53,443 - INFO - TotalCharges_qt
2025-11-04 22:57:53,811 - INFO - kde-st
2025-11-04 22:57:53,832 - INFO - box-st
2025-11-04 22:57:53,843 - INFO - prob-st
2025-11-04 22:57:55,796 - INFO - TotalCharges_qt graph quantile transformcompleted
2025-11-04 22:57:55,796 - INFO - visual stated
2025-11-04 22:57:55,796 - INFO - MonthlyCharges_qt
2025-11-04 22:57:56,004 - INFO - kde-st
2025-11-04 22:57:56,004 - INFO - box-st
2025-11-04 22:57:56,020 - INFO - prob-st
2025-11-04 22:57:57,262 - INFO - MonthlyCharges_qt graph quantile transformcompleted
2025-11-04 22:57:57,262 - INFO - TotalCharges_qt
2025-11-04 22:57:57,469 - INFO - kde-st
2025-11-04 22:57:57,485 - INFO - box-st
2025-11-04 22:57:57,485 - INFO - prob-st
2025-11-04 22:57:59,495 - INFO - TotalCharges_qt graph quantile transformcompleted
2025-11-04 22:57:59,524 - INFO - Visual2 has started........
2025-11-04 22:58:02,049 - INFO - Visual2 has started........
2025-11-04 23:00:19,938 - INFO - visual stated
2025-11-04 23:00:19,938 - INFO - MonthlyCharges_qt
2025-11-04 23:00:20,335 - INFO - kde-st
2025-11-04 23:00:20,352 - INFO - box-st
2025-11-04 23:00:20,367 - INFO - prob-st
2025-11-04 23:00:22,333 - INFO - MonthlyCharges_qt graph quantile transformcompleted
2025-11-04 23:00:22,333 - INFO - TotalCharges_qt
2025-11-04 23:00:22,728 - INFO - kde-st
2025-11-04 23:00:22,744 - INFO - box-st
2025-11-04 23:00:22,760 - INFO - prob-st
2025-11-04 23:00:24,347 - INFO - TotalCharges_qt graph quantile transformcompleted
2025-11-04 23:00:24,347 - INFO - visual stated
2025-11-04 23:00:24,347 - INFO - MonthlyCharges_qt
2025-11-04 23:00:24,553 - INFO - kde-st
2025-11-04 23:00:24,569 - INFO - box-st
2025-11-04 23:00:24,584 - INFO - prob-st
2025-11-04 23:00:26,161 - INFO - MonthlyCharges_qt graph quantile transformcompleted
2025-11-04 23:00:26,161 - INFO - TotalCharges_qt
2025-11-04 23:00:26,380 - INFO - kde-st
2025-11-04 23:00:26,396 - INFO - box-st
2025-11-04 23:00:26,396 - INFO - prob-st
2025-11-04 23:00:28,696 - INFO - TotalCharges_qt graph quantile transformcompleted
2025-11-04 23:00:28,745 - INFO - Visual2 has started........
2025-11-04 23:00:31,165 - INFO - Visual2 has started........
2025-11-06 16:57:52,417 - INFO - Visual2 has started........
2025-11-06 16:59:19,708 - INFO - Visual2 has started........
